2025-07-05 17:40:51 fix async issue
2025-11-25 05:39:45 fix crash issue
2025-03-18 00:22:10 fix typo in docs
2025-07-23 13:08:05 reduce complexity
2025-09-10 12:02:04 improve caching
2025-01-08 06:30:57 improve caching
2025-01-19 23:54:28 fix build error
2025-03-29 03:54:12 update scripts
2025-05-18 09:31:14 minor refactor
2025-09-25 10:27:56 fix null pointer
2025-02-11 20:40:17 add comments
2025-08-21 03:14:05 fix typo in code
2025-09-10 06:31:03 enhance error reporting
2025-06-09 10:02:29 optimize queries
2025-05-02 15:09:56 patch vulnerability
2025-11-15 05:36:42 minor refactor
2025-04-26 00:23:33 update configs
2025-09-22 12:19:37 fix broken link
2025-07-23 03:49:39 UI improvements
2025-12-23 18:58:13 fix crash issue
2025-01-29 08:18:40 cleanup dependencies
2025-12-08 21:25:52 style improvements
2025-12-17 22:16:22 improve docs
2025-01-12 22:12:06 update configs
